{
  "stats": {
    "suites": 1,
    "tests": 2,
    "passes": 2,
    "pending": 0,
    "failures": 0,
    "start": "2021-08-11T04:04:33.537Z",
    "end": "2021-08-11T04:04:49.248Z",
    "duration": 15711,
    "testsRegistered": 2,
    "passPercent": 100,
    "pendingPercent": 0,
    "other": 0,
    "hasOther": false,
    "skipped": 0,
    "hasSkipped": false
  },
  "results": [
    {
      "uuid": "a5af85e0-865f-44b1-af12-056774105943",
      "title": "",
      "fullFile": "cypress/integration/my-first-test-02.js",
      "file": "cypress/integration/my-first-test-02.js",
      "beforeHooks": [],
      "afterHooks": [],
      "tests": [],
      "suites": [
        {
          "uuid": "5b9ef67b-5153-4d40-a358-6ba20d52647e",
          "title": "My-first-test-02",
          "fullFile": "",
          "file": "",
          "beforeHooks": [],
          "afterHooks": [],
          "tests": [
            {
              "title": "Test textbox element ",
              "fullTitle": "My-first-test-02 Test textbox element ",
              "timedOut": null,
              "duration": 11090,
              "state": "passed",
              "speed": "slow",
              "pass": true,
              "fail": false,
              "pending": false,
              "context": null,
              "code": "// User action on GUI\n_textbox.default.typeFullName('testFullname');\n_textbox.default.typeEmail('test@gmail.com');\n_textbox.default.typeCurrentAddress('testCurrentAddress');\n_textbox.default.typePermanentAddress('testPermanentAddress');\n_textbox.default.clickSubmit(); // Verification on GUI\n\ncy.get('div[id=\"output\"]').find('p').should($p => {\n  expect($p).to.have.length(4);\n  expect($p.first()).to.contain('testFullname');\n  expect($p.get(1)).to.contain(\"test@gmail.com\");\n  expect($p.get(2)).to.contain(\"testCurrentAddress\");\n  expect($p.get(3)).to.contain(\"testPermanentAddress\");\n});",
              "err": {},
              "uuid": "683342d1-d3e5-4640-87bf-708085265926",
              "parentUUID": "5b9ef67b-5153-4d40-a358-6ba20d52647e",
              "isHook": false,
              "skipped": false
            },
            {
              "title": "Trying with cy.task",
              "fullTitle": "My-first-test-02 Trying with cy.task",
              "timedOut": null,
              "duration": 4483,
              "state": "passed",
              "speed": "slow",
              "pass": true,
              "fail": false,
              "pending": false,
              "context": null,
              "code": "cy.task('log', 'This will be output to the terminal');",
              "err": {},
              "uuid": "83047e8a-393e-45c0-87a4-a362f7d4a1c5",
              "parentUUID": "5b9ef67b-5153-4d40-a358-6ba20d52647e",
              "isHook": false,
              "skipped": false
            }
          ],
          "suites": [],
          "passes": [
            "683342d1-d3e5-4640-87bf-708085265926",
            "83047e8a-393e-45c0-87a4-a362f7d4a1c5"
          ],
          "failures": [],
          "pending": [],
          "skipped": [],
          "duration": 15573,
          "root": false,
          "rootEmpty": false,
          "_timeout": 2000
        }
      ],
      "passes": [],
      "failures": [],
      "pending": [],
      "skipped": [],
      "duration": 0,
      "root": true,
      "rootEmpty": true,
      "_timeout": 2000
    }
  ],
  "meta": {
    "mocha": {
      "version": "7.0.1"
    },
    "mochawesome": {
      "options": {
        "quiet": false,
        "reportFilename": "mochawesome",
        "saveHtml": false,
        "saveJson": true,
        "consoleReporter": "spec",
        "useInlineDiffs": false,
        "code": true
      },
      "version": "6.2.2"
    },
    "marge": {
      "options": {
        "id": "default",
        "reportDir": "cypress/reports/mocha",
        "quite": true,
        "overwrite": false,
        "html": false,
        "json": true
      },
      "version": "5.2.0"
    }
  }
}